;/////////////////////////////////////////////////////////////////////////////////
;// Code Generator: BoostC Compiler - http://www.sourceboost.com
;// Version       : 7.03
;// License Type  : Pro License
;// Limitations   : PIC12,PIC16 max code size:Unlimited, max RAM banks:Unlimited
;/////////////////////////////////////////////////////////////////////////////////

	ORG 0x00000000
0000  289B  	GOTO	_startup
	ORG 0x00000004
0004  00FF  	MOVWF Int1Context
0005  0E03  	SWAPF STATUS, W
0006  1283  	BCF STATUS, RP0
0007  1303  	BCF STATUS, RP1
0008  00B4  	MOVWF Int1BContext
0009  0E0A  	SWAPF PCLATH, W
000A  00B5  	MOVWF Int1BContext+D'1'
000B  0E04  	SWAPF FSR, W
000C  00B6  	MOVWF Int1BContext+D'2'
000D  118A  	BCF PCLATH,3
000E  120A  	BCF PCLATH,4
000F  28C3  	GOTO	interrupt
	ORG 0x00000010
0010        delay_ms_00000
0010        ; { delay_ms ; function begin
0010  08C3  	MOVF delay_ms_00000_arg_del, F
0011  1D03  	BTFSS STATUS,Z
0012  2814  	GOTO	label1
0013  0008  	RETURN
0014        label1
0014  30F9  	MOVLW 0xF9
0015        label2
0015  0000  	NOP
0016  0000  	NOP
0017  0000  	NOP
0018  0000  	NOP
0019  0000  	NOP
001A  0000  	NOP
001B  3EFF  	ADDLW 0xFF
001C  1D03  	BTFSS STATUS,Z
001D  2815  	GOTO	label2
001E  0000  	NOP
001F  0000  	NOP
0020  0000  	NOP
0021  0000  	NOP
0022  0000  	NOP
0023  0000  	NOP
0024  0000  	NOP
0025  0BC3  	DECFSZ delay_ms_00000_arg_del, F
0026  2814  	GOTO	label1
0027  0008  	RETURN
0028        ; } delay_ms function end

	ORG 0x00000028
0028        FC_CAL_PWM_00054
0028        ; { FC_CAL_PWM_Change_Period_1 ; function begin
0028  0843  	MOVF FC_CAL_PWM_00054_arg_period, W
0029  1683  	BSF STATUS, RP0
002A  0092  	MOVWF gbl_pr2
002B  3001  	MOVLW 0x01
002C  1283  	BCF STATUS, RP0
002D  0644  	XORWF FC_CAL_PWM_00054_arg_prescaler, W
002E  1903  	BTFSC STATUS,Z
002F  0845  	MOVF FC_CAL_PWM_00054_arg_prescaler+D'1', W
0030  1903  	BTFSC STATUS,Z
0031  283F  	GOTO	label3
0032  3004  	MOVLW 0x04
0033  0644  	XORWF FC_CAL_PWM_00054_arg_prescaler, W
0034  1903  	BTFSC STATUS,Z
0035  0845  	MOVF FC_CAL_PWM_00054_arg_prescaler+D'1', W
0036  1903  	BTFSC STATUS,Z
0037  2842  	GOTO	label4
0038  3010  	MOVLW 0x10
0039  0644  	XORWF FC_CAL_PWM_00054_arg_prescaler, W
003A  1903  	BTFSC STATUS,Z
003B  0845  	MOVF FC_CAL_PWM_00054_arg_prescaler+D'1', W
003C  1903  	BTFSC STATUS,Z
003D  2845  	GOTO	label5
003E  0008  	RETURN
003F        label3
003F  3004  	MOVLW 0x04
0040  0092  	MOVWF gbl_t2con
0041  0008  	RETURN
0042        label4
0042  3005  	MOVLW 0x05
0043  0092  	MOVWF gbl_t2con
0044  0008  	RETURN
0045        label5
0045  3006  	MOVLW 0x06
0046  0092  	MOVWF gbl_t2con
0047  0008  	RETURN
0048        ; } FC_CAL_PWM_Change_Period_1 function end

	ORG 0x00000048
0048        FC_CAL_PWM_00053
0048        ; { FC_CAL_PWM_Set_Duty_8Bit_1 ; function begin
0048  0844  	MOVF FC_CAL_PWM_00053_arg_duty, W
0049  0095  	MOVWF gbl_ccpr1l
004A  0008  	RETURN
004B        ; } FC_CAL_PWM_Set_Duty_8Bit_1 function end

	ORG 0x0000004B
004B        FC_CAL_PWM_00051
004B        ; { FC_CAL_PWM_Enable_Channel_1 ; function begin
004B  1683  	BSF STATUS, RP0
004C  1303  	BCF STATUS, RP1
004D  1107  	BCF gbl_trisc,2
004E  1283  	BCF STATUS, RP0
004F  1107  	BCF gbl_portc,2
0050  300C  	MOVLW 0x0C
0051  0097  	MOVWF gbl_ccp1con
0052  0008  	RETURN
0053        ; } FC_CAL_PWM_Enable_Channel_1 function end

	ORG 0x00000053
0053        FCD_PWM0_S_00058
0053        ; { FCD_PWM0_SetDutyCycle ; function begin
0053  0843  	MOVF FCD_PWM0_S_00058_arg_nDuty, W
0054  00C4  	MOVWF FC_CAL_PWM_00053_arg_duty
0055  2048  	CALL FC_CAL_PWM_00053
0056  0008  	RETURN
0057        ; } FCD_PWM0_SetDutyCycle function end

	ORG 0x00000057
0057        FCD_PWM0_E_00056
0057        ; { FCD_PWM0_Enable ; function begin
0057  30FF  	MOVLW 0xFF
0058  1283  	BCF STATUS, RP0
0059  1303  	BCF STATUS, RP1
005A  00C3  	MOVWF FC_CAL_PWM_00054_arg_period
005B  3001  	MOVLW 0x01
005C  00C4  	MOVWF FC_CAL_PWM_00054_arg_prescaler
005D  01C5  	CLRF FC_CAL_PWM_00054_arg_prescaler+D'1'
005E  2028  	CALL FC_CAL_PWM_00054
005F  204B  	CALL FC_CAL_PWM_00051
0060  0008  	RETURN
0061        ; } FCD_PWM0_Enable function end

	ORG 0x00000061
0061        main
0061        ; { main ; function begin
0061  3007  	MOVLW 0x07
0062  1683  	BSF STATUS, RP0
0063  1303  	BCF STATUS, RP1
0064  009F  	MOVWF gbl_adcon1
0065  30C0  	MOVLW 0xC0
0066  0081  	MOVWF gbl_option_reg
0067  1283  	BCF STATUS, RP0
0068  01C2  	CLRF gbl_FCV_BRZINA
0069  2057  	CALL FCD_PWM0_E_00056
006A        label6
006A  30FE  	MOVLW 0xFE
006B  1683  	BSF STATUS, RP0
006C  0507  	ANDWF gbl_trisc, W
006D  0087  	MOVWF gbl_trisc
006E  30FE  	MOVLW 0xFE
006F  1283  	BCF STATUS, RP0
0070  0507  	ANDWF gbl_portc, W
0071  00C3  	MOVWF CompTempVar2203
0072  3001  	MOVLW 0x01
0073  0443  	IORWF CompTempVar2203, W
0074  0087  	MOVWF gbl_portc
0075  30FD  	MOVLW 0xFD
0076  1683  	BSF STATUS, RP0
0077  0507  	ANDWF gbl_trisc, W
0078  0087  	MOVWF gbl_trisc
0079  30FD  	MOVLW 0xFD
007A  1283  	BCF STATUS, RP0
007B  0507  	ANDWF gbl_portc, W
007C  0087  	MOVWF gbl_portc
007D  30FB  	MOVLW 0xFB
007E  1683  	BSF STATUS, RP0
007F  0507  	ANDWF gbl_trisc, W
0080  0087  	MOVWF gbl_trisc
0081  30FB  	MOVLW 0xFB
0082  1283  	BCF STATUS, RP0
0083  0507  	ANDWF gbl_portc, W
0084  00C3  	MOVWF CompTempVar2204
0085  3004  	MOVLW 0x04
0086  0443  	IORWF CompTempVar2204, W
0087  0087  	MOVWF gbl_portc
0088        label7
0088  30FA  	MOVLW 0xFA
0089  0242  	SUBWF gbl_FCV_BRZINA, W
008A  1803  	BTFSC STATUS,C
008B  2899  	GOTO	label8
008C  0842  	MOVF gbl_FCV_BRZINA, W
008D  00C3  	MOVWF FCD_PWM0_S_00058_arg_nDuty
008E  2053  	CALL FCD_PWM0_S_00058
008F  3005  	MOVLW 0x05
0090  0742  	ADDWF gbl_FCV_BRZINA, W
0091  00C2  	MOVWF gbl_FCV_BRZINA
0092  30FF  	MOVLW 0xFF
0093  00C3  	MOVWF delay_ms_00000_arg_del
0094  2010  	CALL delay_ms_00000
0095  30F5  	MOVLW 0xF5
0096  00C3  	MOVWF delay_ms_00000_arg_del
0097  2010  	CALL delay_ms_00000
0098  2888  	GOTO	label7
0099        label8
0099  01C2  	CLRF gbl_FCV_BRZINA
009A  286A  	GOTO	label6
009B        ; } main function end

	ORG 0x0000009B
009B        _startup
009B  30D5  	MOVLW 0xD5
009C  1283  	BCF STATUS, RP0
009D  1303  	BCF STATUS, RP1
009E  00A0  	MOVWF gbl_14_LSR
009F  30C4  	MOVLW 0xC4
00A0  00A1  	MOVWF gbl_14_LSR+D'1'
00A1  30BB  	MOVLW 0xBB
00A2  00A2  	MOVWF gbl_14_LSR+D'2'
00A3  30DC  	MOVLW 0xDC
00A4  00A3  	MOVWF gbl_14_LSR+D'3'
00A5  01A4  	CLRF gbl_15_gbl_aSig
00A6  01A5  	CLRF gbl_15_gbl_aSig+D'1'
00A7  01A6  	CLRF gbl_15_gbl_aSig+D'2'
00A8  01A7  	CLRF gbl_15_gbl_aSig+D'3'
00A9  01A8  	CLRF gbl_15_gbl_bSig
00AA  01A9  	CLRF gbl_15_gbl_bSig+D'1'
00AB  01AA  	CLRF gbl_15_gbl_bSig+D'2'
00AC  01AB  	CLRF gbl_15_gbl_bSig+D'3'
00AD  01AC  	CLRF gbl_15_gbl_zSig
00AE  01AD  	CLRF gbl_15_gbl_zSig+D'1'
00AF  01AE  	CLRF gbl_15_gbl_zSig+D'2'
00B0  01AF  	CLRF gbl_15_gbl_zSig+D'3'
00B1  01BC  	CLRF gbl_15_gbl_aExp
00B2  01BD  	CLRF gbl_15_gbl_bExp
00B3  01B7  	CLRF gbl_15_gbl_zExp
00B4  01B8  	CLRF gbl_15_gbl_zExp+D'1'
00B5  01BE  	CLRF gbl_15_gbl_aSign
00B6  01BF  	CLRF gbl_15_gbl_bSign
00B7  01C0  	CLRF gbl_15_gbl_zSign
00B8  01C1  	CLRF gbl_15_gbl_zSigZero
00B9  01B0  	CLRF gbl_15_gbl_ret
00BA  01B1  	CLRF gbl_15_gbl_ret+D'1'
00BB  01B2  	CLRF gbl_15_gbl_ret+D'2'
00BC  01B3  	CLRF gbl_15_gbl_ret+D'3'
00BD  01BA  	CLRF gbl_float_rounding_mode
00BE  01BB  	CLRF gbl_float_exception_flags
00BF  01B9  	CLRF gbl_float_detect_tininess
00C0  118A  	BCF PCLATH,3
00C1  120A  	BCF PCLATH,4
00C2  2861  	GOTO	main
	ORG 0x000000C3
00C3        interrupt
00C3        ; { interrupt ; function begin
00C3  1283  	BCF STATUS, RP0
00C4  1303  	BCF STATUS, RP1
00C5  0E36  	SWAPF Int1BContext+D'2', W
00C6  0084  	MOVWF FSR
00C7  0E35  	SWAPF Int1BContext+D'1', W
00C8  008A  	MOVWF PCLATH
00C9  0E34  	SWAPF Int1BContext, W
00CA  0083  	MOVWF STATUS
00CB  0EFF  	SWAPF Int1Context, F
00CC  0E7F  	SWAPF Int1Context, W
00CD  0009  	RETFIE
00CE        ; } interrupt function end

	ORG 0x00002007
2007  3F7A  	DW 0x3F7A
